[debug] [2022-09-23T07:43:02.591Z] ----------------------------------------------------------------------
[debug] [2022-09-23T07:43:02.600Z] Command:       C:\Program Files\nodejs\node.exe C:\Users\dubzy\AppData\Roaming\npm\node_modules\firebase-tools\lib\bin\firebase.js deploy
[debug] [2022-09-23T07:43:02.602Z] CLI Version:   11.9.0
[debug] [2022-09-23T07:43:02.603Z] Platform:      win32
[debug] [2022-09-23T07:43:02.603Z] Node Version:  v16.14.0
[debug] [2022-09-23T07:43:02.606Z] Time:          Fri Sep 23 2022 08:43:02 GMT+0100 (West Africa Standard Time)
[debug] [2022-09-23T07:43:02.607Z] ----------------------------------------------------------------------
[debug] 
[debug] [2022-09-23T07:43:02.996Z] > command requires scopes: ["email","openid","https://www.googleapis.com/auth/cloudplatformprojects.readonly","https://www.googleapis.com/auth/firebase","https://www.googleapis.com/auth/cloud-platform"]
[debug] [2022-09-23T07:43:02.999Z] > authorizing via signed-in user (mightyeaglecorp@gmail.com)
[debug] [2022-09-23T07:43:03.000Z] [iam] checking project seminarrating for permissions ["firebase.projects.get","firebasehosting.sites.update"]
[debug] [2022-09-23T07:43:03.006Z] > refreshing access token with scopes: []
[debug] [2022-09-23T07:43:03.023Z] >>> [apiv2][query] POST https://www.googleapis.com/oauth2/v3/token [none]
[debug] [2022-09-23T07:43:03.023Z] >>> [apiv2][body] POST https://www.googleapis.com/oauth2/v3/token [omitted]
[debug] [2022-09-23T07:43:15.099Z] [iam] error while checking permissions, command may fail: FirebaseError: Authentication Error: Your credentials are no longer valid. Please run firebase login --reauth

For CI servers and headless environments, generate a new token with firebase login:ci
[debug] [2022-09-23T07:43:15.102Z] > refreshing access token with scopes: []
[debug] [2022-09-23T07:43:15.104Z] >>> [apiv2][query] POST https://www.googleapis.com/oauth2/v3/token [none]
[debug] [2022-09-23T07:43:15.104Z] >>> [apiv2][body] POST https://www.googleapis.com/oauth2/v3/token [omitted]
[debug] [2022-09-23T07:43:27.160Z] Authentication Error: Your credentials are no longer valid. Please run firebase login --reauth

For CI servers and headless environments, generate a new token with firebase login:ci
[debug] [2022-09-23T07:43:32.211Z] Error: Timed out.
    at Timeout._onTimeout (C:\Users\dubzy\AppData\Roaming\npm\node_modules\firebase-tools\lib\utils.js:253:49)
    at listOnTimeout (node:internal/timers:559:17)
    at processTimers (node:internal/timers:502:7)
[error] 
[error] Error: An unexpected error has occurred.
